[debug] [2021-04-05T12:27:02.671Z] ----------------------------------------------------------------------
[debug] [2021-04-05T12:27:02.675Z] Command:       C:\Program Files\nodejs\node.exe C:\Users\Usuario\AppData\Roaming\npm\node_modules\firebase-tools\lib\bin\firebase.js init
[debug] [2021-04-05T12:27:02.675Z] CLI Version:   9.8.0
[debug] [2021-04-05T12:27:02.675Z] Platform:      win32
[debug] [2021-04-05T12:27:02.675Z] Node Version:  v12.16.3
[debug] [2021-04-05T12:27:02.677Z] Time:          Mon Apr 05 2021 09:27:02 GMT-0300 (GMT-03:00)
[debug] [2021-04-05T12:27:02.677Z] ----------------------------------------------------------------------
[debug] 
[debug] [2021-04-05T12:27:02.680Z] >>> [apiv2][query] GET https://firebase-public.firebaseio.com/cli.json [none]
[debug] [2021-04-05T12:27:02.714Z] > command requires scopes: ["email","openid","https://www.googleapis.com/auth/cloudplatformprojects.readonly","https://www.googleapis.com/auth/firebase","https://www.googleapis.com/auth/cloud-platform"]
[debug] [2021-04-05T12:27:02.715Z] > authorizing via signed-in user
[info] 
     ######## #### ########  ######## ########     ###     ######  ########
     ##        ##  ##     ## ##       ##     ##  ##   ##  ##       ##
     ######    ##  ########  ######   ########  #########  ######  ######
     ##        ##  ##    ##  ##       ##     ## ##     ##       ## ##
     ##       #### ##     ## ######## ########  ##     ##  ######  ########

You're about to initialize a Firebase project in this directory:

  C:\Users\Usuario\Desktop\2 - Hcode\2.2 - Hcode_lab\js-developer\personal

[debug] [2021-04-05T12:27:03.365Z] <<< [apiv2][status] GET https://firebase-public.firebaseio.com/cli.json 200
[debug] [2021-04-05T12:27:03.365Z] <<< [apiv2][body] GET https://firebase-public.firebaseio.com/cli.json {"cloudBuildErrorAfter":1594252800000,"cloudBuildWarnAfter":1590019200000,"defaultNode10After":1594252800000,"minVersion":"3.0.5","node8DeploysDisabledAfter":1613390400000,"node8RuntimeDisabledAfter":1615809600000,"node8WarnAfter":1600128000000}
[info] 
=== Project Setup
[info] 
[info] First, let's associate this project directory with a Firebase project.
[info] You can create multiple project aliases by running firebase use --add, 
[info] but for now we'll just set up a default project.
[info] 
[debug] [2021-04-05T12:27:39.080Z] > refreshing access token with scopes: []
[debug] [2021-04-05T12:27:39.081Z] >>> HTTP REQUEST POST https://www.googleapis.com/oauth2/v3/token  
 <request body omitted>
[debug] [2021-04-05T12:27:39.332Z] <<< HTTP RESPONSE 200 {"pragma":"no-cache","date":"Mon, 05 Apr 2021 12:27:39 GMT","expires":"Mon, 01 Jan 1990 00:00:00 GMT","cache-control":"no-cache, no-store, max-age=0, must-revalidate","content-type":"application/json; charset=utf-8","vary":"X-Origin, Referer, Origin,Accept-Encoding","server":"scaffolding on HTTPServer2","x-xss-protection":"0","x-frame-options":"SAMEORIGIN","x-content-type-options":"nosniff","alt-svc":"h3-29=\":443\"; ma=2592000,h3-T051=\":443\"; ma=2592000,h3-Q050=\":443\"; ma=2592000,h3-Q046=\":443\"; ma=2592000,h3-Q043=\":443\"; ma=2592000,quic=\":443\"; ma=2592000; v=\"46,43\"","accept-ranges":"none","transfer-encoding":"chunked"}
[debug] [2021-04-05T12:27:39.351Z] >>> [apiv2][query] GET https://firebase.googleapis.com/v1beta1/projects pageSize=100
[debug] [2021-04-05T12:27:39.979Z] <<< [apiv2][status] GET https://firebase.googleapis.com/v1beta1/projects 200
[debug] [2021-04-05T12:27:39.980Z] <<< [apiv2][body] GET https://firebase.googleapis.com/v1beta1/projects [omitted]
[debug] [2021-04-05T12:28:36.057Z] ----------------------------------------------------------------------
[debug] [2021-04-05T12:28:36.060Z] Command:       C:\Program Files\nodejs\node.exe C:\Users\Usuario\AppData\Roaming\npm\node_modules\firebase-tools\lib\bin\firebase.js init
[debug] [2021-04-05T12:28:36.061Z] CLI Version:   9.8.0
[debug] [2021-04-05T12:28:36.061Z] Platform:      win32
[debug] [2021-04-05T12:28:36.061Z] Node Version:  v12.16.3
[debug] [2021-04-05T12:28:36.063Z] Time:          Mon Apr 05 2021 09:28:36 GMT-0300 (GMT-03:00)
[debug] [2021-04-05T12:28:36.063Z] ----------------------------------------------------------------------
[debug] 
[debug] [2021-04-05T12:28:36.075Z] > command requires scopes: ["email","openid","https://www.googleapis.com/auth/cloudplatformprojects.readonly","https://www.googleapis.com/auth/firebase","https://www.googleapis.com/auth/cloud-platform"]
[debug] [2021-04-05T12:28:36.076Z] > authorizing via signed-in user
[info] 
     ######## #### ########  ######## ########     ###     ######  ########
     ##        ##  ##     ## ##       ##     ##  ##   ##  ##       ##
     ######    ##  ########  ######   ########  #########  ######  ######
     ##        ##  ##    ##  ##       ##     ## ##     ##       ## ##
     ##       #### ##     ## ######## ########  ##     ##  ######  ########

You're about to initialize a Firebase project in this directory:

  C:\Users\Usuario\Desktop\2 - Hcode\2.2 - Hcode_lab\js-developer\personal

[info] 
=== Project Setup
[info] 
[info] First, let's associate this project directory with a Firebase project.
[info] You can create multiple project aliases by running firebase use --add, 
[info] but for now we'll just set up a default project.
[info] 
[debug] [2021-04-05T12:28:42.696Z] >>> [apiv2][query] GET https://firebase.googleapis.com/v1beta1/projects pageSize=100
[debug] [2021-04-05T12:28:43.229Z] <<< [apiv2][status] GET https://firebase.googleapis.com/v1beta1/projects 200
[debug] [2021-04-05T12:28:43.229Z] <<< [apiv2][body] GET https://firebase.googleapis.com/v1beta1/projects [omitted]
[debug] [2021-04-05T12:29:33.152Z] ----------------------------------------------------------------------
[debug] [2021-04-05T12:29:33.157Z] Command:       C:\Program Files\nodejs\node.exe C:\Users\Usuario\AppData\Roaming\npm\node_modules\firebase-tools\lib\bin\firebase.js init
[debug] [2021-04-05T12:29:33.158Z] CLI Version:   9.8.0
[debug] [2021-04-05T12:29:33.158Z] Platform:      win32
[debug] [2021-04-05T12:29:33.159Z] Node Version:  v12.16.3
[debug] [2021-04-05T12:29:33.160Z] Time:          Mon Apr 05 2021 09:29:33 GMT-0300 (GMT-03:00)
[debug] [2021-04-05T12:29:33.160Z] ----------------------------------------------------------------------
[debug] 
[debug] [2021-04-05T12:29:33.174Z] > command requires scopes: ["email","openid","https://www.googleapis.com/auth/cloudplatformprojects.readonly","https://www.googleapis.com/auth/firebase","https://www.googleapis.com/auth/cloud-platform"]
[debug] [2021-04-05T12:29:33.175Z] > authorizing via signed-in user
[info] 
     ######## #### ########  ######## ########     ###     ######  ########
     ##        ##  ##     ## ##       ##     ##  ##   ##  ##       ##
     ######    ##  ########  ######   ########  #########  ######  ######
     ##        ##  ##    ##  ##       ##     ## ##     ##       ## ##
     ##       #### ##     ## ######## ########  ##     ##  ######  ########

You're about to initialize a Firebase project in this directory:

  C:\Users\Usuario\Desktop\2 - Hcode\2.2 - Hcode_lab\js-developer\personal

[info] 
=== Project Setup
[info] 
[info] First, let's associate this project directory with a Firebase project.
[info] You can create multiple project aliases by running firebase use --add, 
[info] but for now we'll just set up a default project.
[info] 
[debug] [2021-04-05T12:29:48.749Z] >>> [apiv2][query] GET https://firebase.googleapis.com/v1beta1/projects pageSize=100
[debug] [2021-04-05T12:29:49.299Z] <<< [apiv2][status] GET https://firebase.googleapis.com/v1beta1/projects 200
[debug] [2021-04-05T12:29:49.299Z] <<< [apiv2][body] GET https://firebase.googleapis.com/v1beta1/projects [omitted]
